
2021-12-11 02:56:50,561:calculator.main:Add: 90.000000 + 10.000000 = 100.000000
2021-12-11 02:56:50,598:calculator.main:Add: 100.000000 + 10.000000 = 110.000000
2021-12-11 02:56:50,599:calculator.main:Add: 70.000000 + 35.000000 = 105.000000
2021-12-11 02:56:50,599:calculator.main:Add: 80.000000 + 40.000000 = 120.000000
2021-12-11 02:56:50,600:calculator.main:Add: 500.000000 + 5.000000 = 505.000000
2021-12-11 02:56:50,600:calculator.main:Add: 4.000000 + 4.000000 = 8.000000
2021-12-11 02:56:50,605:calculator.main:Subtract: 90.000000 - 10.000000 = 80.000000
2021-12-11 02:56:50,606:calculator.main:Subtract: 100.000000 - 10.000000 = 90.000000
2021-12-11 02:56:50,606:calculator.main:Subtract: 70.000000 - 35.000000 = 35.000000
2021-12-11 02:56:50,606:calculator.main:Subtract: 80.000000 - 40.000000 = 40.000000
2021-12-11 02:56:50,607:calculator.main:Subtract: 500.000000 - 5.000000 = 495.000000
2021-12-11 02:56:50,607:calculator.main:Subtract: 4.000000 - 4.000000 = 0.000000
2021-12-11 02:56:50,611:calculator.main:Multiply: 90.000000 * 10.000000 = 900.000000
2021-12-11 02:56:50,612:calculator.main:Multiply: 100.000000 * 10.000000 = 1000.000000
2021-12-11 02:56:50,613:calculator.main:Multiply: 70.000000 * 35.000000 = 2450.000000
2021-12-11 02:56:50,613:calculator.main:Multiply: 80.000000 * 40.000000 = 3200.000000
2021-12-11 02:56:50,614:calculator.main:Multiply: 500.000000 * 5.000000 = 2500.000000
2021-12-11 02:56:50,614:calculator.main:Multiply: 4.000000 * 4.000000 = 16.000000
2021-12-11 02:56:50,619:calculator.main:Divide: 90.000000 / 10.000000 = 9.000000
2021-12-11 02:56:50,619:calculator.main:Divide: 100.000000 / 10.000000 = 10.000000
2021-12-11 02:56:50,620:calculator.main:Divide: 70.000000 / 35.000000 = 2.000000
2021-12-11 02:56:50,620:calculator.main:Divide: 80.000000 / 40.000000 = 2.000000
2021-12-11 02:56:50,621:calculator.main:Divide: 500.000000 / 5.000000 = 100.000000
2021-12-11 02:56:50,622:calculator.main:Divide: 4.000000 / 4.000000 = 1.000000
2021-12-11 02:57:56,669:calculator.main:Add: 90.000000 + 10.000000 = 100.000000
2021-12-11 02:57:56,670:calculator.main:Add: 100.000000 + 10.000000 = 110.000000
2021-12-11 02:57:56,671:calculator.main:Add: 70.000000 + 35.000000 = 105.000000
2021-12-11 02:57:56,672:calculator.main:Add: 80.000000 + 40.000000 = 120.000000
2021-12-11 02:57:56,672:calculator.main:Add: 500.000000 + 5.000000 = 505.000000
2021-12-11 02:57:56,673:calculator.main:Add: 4.000000 + 4.000000 = 8.000000
2021-12-11 02:57:56,678:calculator.main:Subtract: 90.000000 - 10.000000 = 80.000000
2021-12-11 02:57:56,679:calculator.main:Subtract: 100.000000 - 10.000000 = 90.000000
2021-12-11 02:57:56,679:calculator.main:Subtract: 70.000000 - 35.000000 = 35.000000
2021-12-11 02:57:56,680:calculator.main:Subtract: 80.000000 - 40.000000 = 40.000000
2021-12-11 02:57:56,681:calculator.main:Subtract: 500.000000 - 5.000000 = 495.000000
2021-12-11 02:57:56,681:calculator.main:Subtract: 4.000000 - 4.000000 = 0.000000
2021-12-11 02:57:56,687:calculator.main:Multiply: 90.000000 * 10.000000 = 900.000000
2021-12-11 02:57:56,687:calculator.main:Multiply: 100.000000 * 10.000000 = 1000.000000
2021-12-11 02:57:56,688:calculator.main:Multiply: 70.000000 * 35.000000 = 2450.000000
2021-12-11 02:57:56,688:calculator.main:Multiply: 80.000000 * 40.000000 = 3200.000000
2021-12-11 02:57:56,689:calculator.main:Multiply: 500.000000 * 5.000000 = 2500.000000
2021-12-11 02:57:56,689:calculator.main:Multiply: 4.000000 * 4.000000 = 16.000000
2021-12-11 02:57:56,694:calculator.main:Divide: 90.000000 / 10.000000 = 9.000000
2021-12-11 02:57:56,695:calculator.main:Divide: 100.000000 / 10.000000 = 10.000000
2021-12-11 02:57:56,696:calculator.main:Divide: 70.000000 / 35.000000 = 2.000000
2021-12-11 02:57:56,696:calculator.main:Divide: 80.000000 / 40.000000 = 2.000000
2021-12-11 02:57:56,697:calculator.main:Divide: 500.000000 / 5.000000 = 100.000000
2021-12-11 02:57:56,698:calculator.main:Divide: 4.000000 / 4.000000 = 1.000000
2021-12-11 02:59:06,240:calculator.main:Add: 90.000000 + 10.000000 = 100.000000
2021-12-11 02:59:06,241:calculator.main:Add: 100.000000 + 10.000000 = 110.000000
2021-12-11 02:59:06,241:calculator.main:Add: 70.000000 + 35.000000 = 105.000000
2021-12-11 02:59:06,242:calculator.main:Add: 80.000000 + 40.000000 = 120.000000
2021-12-11 02:59:06,242:calculator.main:Add: 500.000000 + 5.000000 = 505.000000
2021-12-11 02:59:06,243:calculator.main:Add: 4.000000 + 4.000000 = 8.000000
2021-12-11 02:59:06,244:calculator.main:Add: 4.000000 + 0.000000 = 4.000000
2021-12-11 02:59:08,994:calculator.main:Subtract: 90.000000 - 10.000000 = 80.000000
2021-12-11 02:59:08,995:calculator.main:Subtract: 100.000000 - 10.000000 = 90.000000
2021-12-11 02:59:08,995:calculator.main:Subtract: 70.000000 - 35.000000 = 35.000000
2021-12-11 02:59:08,996:calculator.main:Subtract: 80.000000 - 40.000000 = 40.000000
2021-12-11 02:59:08,996:calculator.main:Subtract: 500.000000 - 5.000000 = 495.000000
2021-12-11 02:59:08,997:calculator.main:Subtract: 4.000000 - 4.000000 = 0.000000
2021-12-11 02:59:08,998:calculator.main:Subtract: 4.000000 - 0.000000 = 4.000000
2021-12-11 02:59:09,004:calculator.main:Multiply: 90.000000 * 10.000000 = 900.000000
2021-12-11 02:59:09,005:calculator.main:Multiply: 100.000000 * 10.000000 = 1000.000000
2021-12-11 02:59:09,005:calculator.main:Multiply: 70.000000 * 35.000000 = 2450.000000
2021-12-11 02:59:09,006:calculator.main:Multiply: 80.000000 * 40.000000 = 3200.000000
2021-12-11 02:59:09,006:calculator.main:Multiply: 500.000000 * 5.000000 = 2500.000000
2021-12-11 02:59:09,007:calculator.main:Multiply: 4.000000 * 4.000000 = 16.000000
2021-12-11 02:59:09,007:calculator.main:Multiply: 4.000000 * 0.000000 = 0.000000
2021-12-11 02:59:09,013:calculator.main:Divide: 90.000000 / 10.000000 = 9.000000
2021-12-11 02:59:09,013:calculator.main:Divide: 100.000000 / 10.000000 = 10.000000
2021-12-11 02:59:09,014:calculator.main:Divide: 70.000000 / 35.000000 = 2.000000
2021-12-11 02:59:09,015:calculator.main:Divide: 80.000000 / 40.000000 = 2.000000
2021-12-11 02:59:09,015:calculator.main:Divide: 500.000000 / 5.000000 = 100.000000
2021-12-11 02:59:09,016:calculator.main:Divide: 4.000000 / 4.000000 = 1.000000
2021-12-11 02:59:09,016:calculator.main:float division by zero
ZeroDivisionError: float division by zero
2021-12-11 02:59:41,093:calculator.main:Add: 90.000000 + 10.000000 = 100.000000
2021-12-11 02:59:41,094:calculator.main:Add: 100.000000 + 10.000000 = 110.000000
2021-12-11 02:59:41,095:calculator.main:Add: 70.000000 + 35.000000 = 105.000000
2021-12-11 02:59:41,096:calculator.main:Add: 80.000000 + 40.000000 = 120.000000
2021-12-11 02:59:41,097:calculator.main:Add: 500.000000 + 5.000000 = 505.000000
2021-12-11 02:59:41,097:calculator.main:Add: 4.000000 + 4.000000 = 8.000000
2021-12-11 02:59:41,098:calculator.main:Add: 4.000000 + 0.000000 = 4.000000
2021-12-11 02:59:41,103:calculator.main:Subtract: 90.000000 - 10.000000 = 80.000000
2021-12-11 02:59:41,104:calculator.main:Subtract: 100.000000 - 10.000000 = 90.000000
2021-12-11 02:59:41,104:calculator.main:Subtract: 70.000000 - 35.000000 = 35.000000
2021-12-11 02:59:41,105:calculator.main:Subtract: 80.000000 - 40.000000 = 40.000000
2021-12-11 02:59:41,106:calculator.main:Subtract: 500.000000 - 5.000000 = 495.000000
2021-12-11 02:59:41,106:calculator.main:Subtract: 4.000000 - 4.000000 = 0.000000
2021-12-11 02:59:41,107:calculator.main:Subtract: 4.000000 - 0.000000 = 4.000000
2021-12-11 02:59:41,112:calculator.main:Multiply: 90.000000 * 10.000000 = 900.000000
2021-12-11 02:59:41,113:calculator.main:Multiply: 100.000000 * 10.000000 = 1000.000000
2021-12-11 02:59:41,113:calculator.main:Multiply: 70.000000 * 35.000000 = 2450.000000
2021-12-11 02:59:41,114:calculator.main:Multiply: 80.000000 * 40.000000 = 3200.000000
2021-12-11 02:59:41,114:calculator.main:Multiply: 500.000000 * 5.000000 = 2500.000000
2021-12-11 02:59:41,115:calculator.main:Multiply: 4.000000 * 4.000000 = 16.000000
2021-12-11 02:59:41,115:calculator.main:Multiply: 4.000000 * 0.000000 = 0.000000
2021-12-11 02:59:41,120:calculator.main:Divide: 90.000000 / 10.000000 = 9.000000
2021-12-11 02:59:41,121:calculator.main:Divide: 100.000000 / 10.000000 = 10.000000
2021-12-11 02:59:41,121:calculator.main:Divide: 70.000000 / 35.000000 = 2.000000
2021-12-11 02:59:41,122:calculator.main:Divide: 80.000000 / 40.000000 = 2.000000
2021-12-11 02:59:41,123:calculator.main:Divide: 500.000000 / 5.000000 = 100.000000
2021-12-11 02:59:41,123:calculator.main:Divide: 4.000000 / 4.000000 = 1.000000
2021-12-11 02:59:41,124:calculator.main:float division by zero
ZeroDivisionError: float division by zero
